<?xml version="1.0" encoding="UTF-8"?>
<testng-results ignored="0" total="1" passed="1" failed="0" skipped="0">
  <reporter-output>
  </reporter-output>
  <suite started-at="2024-11-05T09:19:41 CST" name="Default suite" finished-at="2024-11-05T09:20:00 CST" duration-ms="19270">
    <groups>
    </groups>
    <test started-at="2024-11-05T09:19:41 CST" name="Default test" finished-at="2024-11-05T09:20:00 CST" duration-ms="19270">
      <class name="rahulAcademy.Appium.eCommerceTests.MobileBrowserTest">
        <test-method is-config="true" signature="configureAppium()[pri:0, instance:rahulAcademy.Appium.eCommerceTests.MobileBrowserTest@351d00c0]" started-at="2024-11-05T09:19:41 CST" name="configureAppium" finished-at="2024-11-05T09:19:53 CST" duration-ms="12235" status="PASS">
          <reporter-output>
          </reporter-output>
        </test-method> <!-- configureAppium -->
        <test-method signature="BrowserTest()[pri:0, instance:rahulAcademy.Appium.eCommerceTests.MobileBrowserTest@351d00c0]" started-at="2024-11-05T09:19:53 CST" name="BrowserTest" finished-at="2024-11-05T09:20:00 CST" duration-ms="6434" status="PASS">
          <reporter-output>
          </reporter-output>
        </test-method> <!-- BrowserTest -->
        <test-method is-config="true" signature="tearDownDriver()[pri:0, instance:rahulAcademy.Appium.eCommerceTests.MobileBrowserTest@351d00c0]" started-at="2024-11-05T09:20:00 CST" name="tearDownDriver" finished-at="2024-11-05T09:20:00 CST" duration-ms="567" status="PASS">
          <reporter-output>
          </reporter-output>
        </test-method> <!-- tearDownDriver -->
      </class> <!-- rahulAcademy.Appium.eCommerceTests.MobileBrowserTest -->
    </test> <!-- Default test -->
  </suite> <!-- Default suite -->
</testng-results>
